[debug] > Exec(early(addDefaultCommands), None, None)
[debug] > Exec(addDefaultCommands, None, None)
[debug] > Exec(early(initialize), None, None)
[debug] > Exec(initialize, None, None)
[debug] > Exec(boot, None, None)
[debug] > Exec(writeSbtVersion, None, None)
[debug] > Exec(reload, None, None)
[debug] > Exec(sbtStashOnFailure, None, None)
[debug] > Exec(onFailure loadFailed, None, None)
[debug] > Exec(loadp, None, None)
[info] welcome to sbt 1.5.5 (Amazon.com Inc. Java 1.8.0_312)
[debug]       Load.loadUnit: plugins took 87.2601ms
[debug]       Load.loadUnit: defsScala took 0.2574ms
[debug] [Loading] Scanning directory C:\Users\falle\.sbt\1.0\plugins
[debug] [Loading] Found non-root projects 
[debug] [Loading] Done in C:\Users\falle\.sbt\1.0\plugins, returning: ()
[debug] deducing auto plugins based on known facts Set(Atom(sbt.plugins.CorePlugin)) and clauses Clauses(Clause(Atom(sbt.plugins.JvmPlugin),Set(Atom(sbt.plugins.IvyPlugin)))
[debug] Clause(Atom(sbt.ScriptedPlugin),Set(Atom(sbt.plugins.JvmPlugin)))
[debug] Clause(Atom(sbt.plugins.SbtPlugin),Set(Atom(sbt.ScriptedPlugin)))
[debug] Clause(Atom(sbt.plugins.SemanticdbPlugin),Set(Atom(sbt.plugins.JvmPlugin)))
[debug] Clause(Atom(sbt.plugins.JUnitXmlReportPlugin),Set(Atom(sbt.plugins.JvmPlugin)))
[debug] Clause(Atom(sbt.plugins.MiniDependencyTreePlugin),Set(Atom(sbt.plugins.JvmPlugin)))
[debug] Clause(Atom(sbt.plugins.CorePlugin),Set(Atom(sbt.plugins.IvyPlugin)))
[debug] Clause(Atom(sbt.plugins.IvyPlugin),Set(Atom(sbt.plugins.JvmPlugin)))
[debug] Clause(Atom(sbt.plugins.JvmPlugin),Set(Atom(sbt.plugins.SemanticdbPlugin)))
[debug] Clause(Atom(sbt.plugins.JvmPlugin),Set(Atom(sbt.plugins.JUnitXmlReportPlugin)))
[debug] Clause(Atom(sbt.plugins.CorePlugin),Set(Atom(sbt.plugins.Giter8TemplatePlugin)))
[debug] Clause(Atom(sbt.plugins.JvmPlugin),Set(Atom(sbt.plugins.MiniDependencyTreePlugin))))
[debug]   :: deduced result: Matched(sbt.plugins.CorePlugin,sbt.plugins.Giter8TemplatePlugin,sbt.plugins.IvyPlugin,sbt.plugins.JvmPlugin,sbt.plugins.MiniDependencyTreePlugin,sbt.plugins.JUnitXmlReportPlugin,sbt.plugins.SemanticdbPlugin)
[debug] Plugins.deducer#function took 14.0433 ms
[debug]           Load.resolveProject(global-plugins) took 46.2653ms
[debug]         Load.loadTransitive: finalizeProject(Project(id global-plugins, base: C:\Users\falle\.sbt\1.0\plugins, plugins: List(<none>))) took 82.0867ms
[debug] [Loading] Done in C:\Users\falle\.sbt\1.0\plugins, returning: (global-plugins)
[debug]       Load.loadUnit: loadedProjectsRaw took 99.8225ms
[debug]       Load.loadUnit: cleanEvalClasses took 0.2251ms
[debug]     Load.loadUnit(file:/C:/Users/falle/.sbt/1.0/plugins/, ...) took 194.0614ms
[debug]   Load.apply: load took 408.0932ms
[debug]   Load.apply: resolveProjects took 5.8563ms
[debug]   Load.apply: finalTransforms took 41.0863ms
[debug]   Load.apply: config.delegates took 5.9915ms
[debug]   Load.apply: Def.make(settings)... took 337.9305ms
[debug]   Load.apply: structureIndex took 74.9963ms
[debug]   Load.apply: mkStreams took 2.3142ms
[info] loading global plugins from C:\Users\falle\.sbt\1.0\plugins
[debug] Running task... Cancel: Signal, check cycles: false, forcegc: true
[debug] Load.defaultLoad until apply took 3035.9612ms
[debug]           Load.loadUnit: plugins took 20.7607ms
[debug]           Load.loadUnit: defsScala took 0.004ms
[debug] [Loading] Scanning directory C:\Users\falle\Documents\RevatureProjects\RevProj2\project
[debug] [Loading] Found non-root projects 
[debug] [Loading] Done in C:\Users\falle\Documents\RevatureProjects\RevProj2\project, returning: ()
[debug] deducing auto plugins based on known facts Set(Atom(sbt.plugins.CorePlugin)) and clauses Clauses(Clause(Atom(sbt.plugins.JvmPlugin),Set(Atom(sbt.plugins.IvyPlugin)))
[debug] Clause(Atom(sbt.ScriptedPlugin),Set(Atom(sbt.plugins.JvmPlugin)))
[debug] Clause(Atom(sbt.plugins.SbtPlugin),Set(Atom(sbt.ScriptedPlugin)))
[debug] Clause(Atom(sbt.plugins.SemanticdbPlugin),Set(Atom(sbt.plugins.JvmPlugin)))
[debug] Clause(Atom(sbt.plugins.JUnitXmlReportPlugin),Set(Atom(sbt.plugins.JvmPlugin)))
[debug] Clause(Atom(sbt.plugins.MiniDependencyTreePlugin),Set(Atom(sbt.plugins.JvmPlugin)))
[debug] Clause(Atom(sbt.plugins.CorePlugin),Set(Atom(sbt.plugins.IvyPlugin)))
[debug] Clause(Atom(sbt.plugins.IvyPlugin),Set(Atom(sbt.plugins.JvmPlugin)))
[debug] Clause(Atom(sbt.plugins.JvmPlugin),Set(Atom(sbt.plugins.SemanticdbPlugin)))
[debug] Clause(Atom(sbt.plugins.JvmPlugin),Set(Atom(sbt.plugins.JUnitXmlReportPlugin)))
[debug] Clause(Atom(sbt.plugins.CorePlugin),Set(Atom(sbt.plugins.Giter8TemplatePlugin)))
[debug] Clause(Atom(sbt.plugins.JvmPlugin),Set(Atom(sbt.plugins.MiniDependencyTreePlugin))))
[debug]   :: deduced result: Matched(sbt.plugins.CorePlugin,sbt.plugins.Giter8TemplatePlugin,sbt.plugins.IvyPlugin,sbt.plugins.JvmPlugin,sbt.plugins.MiniDependencyTreePlugin,sbt.plugins.JUnitXmlReportPlugin,sbt.plugins.SemanticdbPlugin)
[debug] Plugins.deducer#function took 2.2935 ms
[debug]               Load.resolveProject(revproj2-build) took 1.344ms
[debug]             Load.loadTransitive: finalizeProject(Project(id revproj2-build, base: C:\Users\falle\Documents\RevatureProjects\RevProj2\project, plugins: List(<none>))) took 4.2065ms
[debug] [Loading] Done in C:\Users\falle\Documents\RevatureProjects\RevProj2\project, returning: (revproj2-build)
[debug]           Load.loadUnit: loadedProjectsRaw took 6.4221ms
[debug]           Load.loadUnit: cleanEvalClasses took 0.0125ms
[debug]         Load.loadUnit(file:/C:/Users/falle/Documents/RevatureProjects/RevProj2/project/, ...) took 28.0929ms
[debug]       Load.apply: load took 29.8619ms
[debug]       Load.apply: resolveProjects took 0.1424ms
[debug]       Load.apply: finalTransforms took 7.5211ms
[debug]       Load.apply: config.delegates took 0.5564ms
[debug]       Load.apply: Def.make(settings)... took 105.2777ms
[debug]       Load.apply: structureIndex took 21.7558ms
[debug]       Load.apply: mkStreams took 0.0032ms
[info] loading project definition from C:\Users\falle\Documents\RevatureProjects\RevProj2\project
[debug] Running task... Cancel: Signal, check cycles: false, forcegc: true
[debug]     Load.loadUnit: plugins took 354.3392ms
[debug]     Load.loadUnit: defsScala took 0.0046ms
[debug] [Loading] Scanning directory C:\Users\falle\Documents\RevatureProjects\RevProj2
[debug]       Load.loadUnit: mkEval took 7.0637ms
[debug] [Loading] Found non-root projects 
[debug] [Loading] Done in C:\Users\falle\Documents\RevatureProjects\RevProj2, returning: ()
[debug] deducing auto plugins based on known facts Set(Atom(sbt.plugins.CorePlugin)) and clauses Clauses(Clause(Atom(sbt.plugins.JvmPlugin),Set(Atom(sbt.plugins.IvyPlugin)))
[debug] Clause(Atom(sbt.ScriptedPlugin),Set(Atom(sbt.plugins.JvmPlugin)))
[debug] Clause(Atom(sbt.plugins.SbtPlugin),Set(Atom(sbt.ScriptedPlugin)))
[debug] Clause(Atom(sbt.plugins.SemanticdbPlugin),Set(Atom(sbt.plugins.JvmPlugin)))
[debug] Clause(Atom(sbt.plugins.JUnitXmlReportPlugin),Set(Atom(sbt.plugins.JvmPlugin)))
[debug] Clause(Atom(sbt.plugins.MiniDependencyTreePlugin),Set(Atom(sbt.plugins.JvmPlugin)))
[debug] Clause(Atom(sbt.plugins.CorePlugin),Set(Atom(sbt.plugins.IvyPlugin)))
[debug] Clause(Atom(sbt.plugins.IvyPlugin),Set(Atom(sbt.plugins.JvmPlugin)))
[debug] Clause(Atom(sbt.plugins.JvmPlugin),Set(Atom(sbt.plugins.SemanticdbPlugin)))
[debug] Clause(Atom(sbt.plugins.JvmPlugin),Set(Atom(sbt.plugins.JUnitXmlReportPlugin)))
[debug] Clause(Atom(sbt.plugins.CorePlugin),Set(Atom(sbt.plugins.Giter8TemplatePlugin)))
[debug] Clause(Atom(sbt.plugins.JvmPlugin),Set(Atom(sbt.plugins.MiniDependencyTreePlugin))))
[debug]   :: deduced result: Matched(sbt.plugins.CorePlugin,sbt.plugins.Giter8TemplatePlugin,sbt.plugins.IvyPlugin,sbt.plugins.JvmPlugin,sbt.plugins.MiniDependencyTreePlugin,sbt.plugins.JUnitXmlReportPlugin,sbt.plugins.SemanticdbPlugin)
[debug] Plugins.deducer#function took 1.1582 ms
[info] loading settings for project revproj2 from build.sbt ...
[debug]         Load.resolveProject(revproj2) took 2.0399ms
[debug]       Load.loadTransitive: finalizeProject(Project(id revproj2, base: C:\Users\falle\Documents\RevatureProjects\RevProj2, plugins: List(<none>))) took 3.6075ms
[debug] [Loading] Done in C:\Users\falle\Documents\RevatureProjects\RevProj2, returning: (revproj2)
[debug]     Load.loadUnit: loadedProjectsRaw took 192.4815ms
[debug]     Load.loadUnit: cleanEvalClasses took 6.3704ms
[debug]   Load.loadUnit(file:/C:/Users/falle/Documents/RevatureProjects/RevProj2/, ...) took 553.7835ms
[debug] Load.apply: load took 555.0955ms
[debug] Load.apply: resolveProjects took 0.1011ms
[debug] Load.apply: finalTransforms took 6.4ms
[debug] Load.apply: config.delegates took 0.3605ms
[debug] Load.apply: Def.make(settings)... took 78.58ms
[debug] Load.apply: structureIndex took 16.7844ms
[debug] Load.apply: mkStreams took 0.0031ms
[info] set current project to RevProj2 (in build file:/C:/Users/falle/Documents/RevatureProjects/RevProj2/)
[debug] > Exec(sbtPopOnFailure, None, None)
[debug] > Exec(resumeFromFailure, None, None)
[debug] > Exec(notifyUsersAboutShell, None, None)
[debug] > Exec(iflast shell, None, None)
[debug] > Exec(shell, None, None)
[info] sbt server started at local:sbt-server-e9fb51dbcd57ab96dba1
[debug] Writing bsp connection file
[info] started sbt server
